Vivado Simulator v2025.2
Copyright 1986-2022 Xilinx, Inc. All Rights Reserved.
Copyright 2022-2025 Advanced Micro Devices, Inc. All Rights Reserved.
Running: C:/AMDDesignTools/2025.2/Vivado/bin/unwrapped/win64.o/xelab.exe --incr --debug typical --relax --mt 2 -L xil_defaultlib -L secureip --snapshot tb_cpu_system_behav xil_defaultlib.tb_cpu_system -log elaborate.log 
Using 2 slave threads.
Starting static elaboration
Completed static elaboration
Starting simulation data flow analysis
Completed simulation data flow analysis
Time Resolution for simulation is 1ps
Compiling package std.standard
Compiling package std.textio
Compiling package ieee.std_logic_1164
Compiling package ieee.numeric_std
Compiling package xil_defaultlib.cpu_definitions_pkg
Compiling architecture behavioral of entity xil_defaultlib.program_counter [program_counter_default]
Compiling architecture behavioral of entity xil_defaultlib.generic_register [generic_register_default]
Compiling architecture behavioral of entity xil_defaultlib.alu [alu_default]
Compiling architecture structural of entity xil_defaultlib.cpu_mision_1 [cpu_mision_1_default]
Compiling architecture behavioral of entity xil_defaultlib.ram [ram_default]
Compiling architecture behavior of entity xil_defaultlib.tb_cpu_system
Built simulation snapshot tb_cpu_system_behav
